<?xml version="1.0" encoding="UTF-8"?>
<coverage generated="1746922296313" clover="3.2.0">
  <project timestamp="1746922296313" name="All files">
    <metrics statements="30" coveredstatements="30" conditionals="12" coveredconditionals="11" methods="7" coveredmethods="7" elements="49" coveredelements="48" complexity="0" loc="30" ncloc="30" packages="1" files="2" classes="2"/>
    <file name="compare.js" path="Z:\FrontEnd\Projects\frontend-project-46\bin\compare.js">
      <metrics statements="23" coveredstatements="23" conditionals="10" coveredconditionals="10" methods="5" coveredmethods="5"/>
      <line num="4" count="1" type="stmt"/>
      <line num="5" count="3" type="stmt"/>
      <line num="6" count="3" type="stmt"/>
      <line num="7" count="3" type="stmt"/>
      <line num="8" count="3" type="stmt"/>
      <line num="10" count="3" type="stmt"/>
      <line num="12" count="8" type="cond" truecount="4" falsecount="0"/>
      <line num="13" count="6" type="stmt"/>
      <line num="14" count="6" type="stmt"/>
      <line num="16" count="2" type="cond" truecount="2" falsecount="0"/>
      <line num="17" count="1" type="stmt"/>
      <line num="18" count="1" type="stmt"/>
      <line num="19" count="1" type="stmt"/>
      <line num="21" count="1" type="stmt"/>
      <line num="22" count="1" type="stmt"/>
      <line num="25" count="3" type="stmt"/>
      <line num="26" count="7" type="cond" truecount="4" falsecount="0"/>
      <line num="27" count="5" type="stmt"/>
      <line num="28" count="5" type="stmt"/>
      <line num="30" count="2" type="stmt"/>
      <line num="32" count="22" type="stmt"/>
      <line num="33" count="14" type="stmt"/>
      <line num="37" count="3" type="stmt"/>
    </file>
    <file name="parsing.js" path="Z:\FrontEnd\Projects\frontend-project-46\bin\parsing.js">
      <metrics statements="7" coveredstatements="7" conditionals="2" coveredconditionals="1" methods="2" coveredmethods="2"/>
      <line num="4" count="6" type="stmt"/>
      <line num="6" count="1" type="stmt"/>
      <line num="7" count="6" type="stmt"/>
      <line num="8" count="6" type="stmt"/>
      <line num="9" count="6" type="stmt"/>
      <line num="11" count="6" type="cond" truecount="1" falsecount="1"/>
      <line num="13" count="6" type="stmt"/>
    </file>
  </project>
</coverage>
