{"Z:\\FrontEnd\\Projects\\frontend-project-46\\bin\\compare.js": {"path":"Z:\\FrontEnd\\Projects\\frontend-project-46\\bin\\compare.js","statementMap":{"0":{"start":{"line":4,"column":21},"end":{"line":38,"column":1}},"1":{"start":{"line":5,"column":16},"end":{"line":5,"column":27}},"2":{"start":{"line":6,"column":16},"end":{"line":6,"column":27}},"3":{"start":{"line":7,"column":18},"end":{"line":7,"column":39}},"4":{"start":{"line":8,"column":18},"end":{"line":8,"column":39}},"5":{"start":{"line":10,"column":20},"end":{"line":23,"column":10}},"6":{"start":{"line":12,"column":6},"end":{"line":15,"column":7}},"7":{"start":{"line":13,"column":8},"end":{"line":13,"column":39}},"8":{"start":{"line":14,"column":8},"end":{"line":14,"column":19}},"9":{"start":{"line":16,"column":6},"end":{"line":20,"column":7}},"10":{"start":{"line":17,"column":8},"end":{"line":17,"column":42}},"11":{"start":{"line":18,"column":8},"end":{"line":18,"column":47}},"12":{"start":{"line":19,"column":8},"end":{"line":19,"column":19}},"13":{"start":{"line":21,"column":6},"end":{"line":21,"column":38}},"14":{"start":{"line":22,"column":6},"end":{"line":22,"column":17}},"15":{"start":{"line":25,"column":17},"end":{"line":34,"column":16}},"16":{"start":{"line":26,"column":4},"end":{"line":29,"column":5}},"17":{"start":{"line":27,"column":6},"end":{"line":27,"column":38}},"18":{"start":{"line":28,"column":6},"end":{"line":28,"column":17}},"19":{"start":{"line":30,"column":4},"end":{"line":30,"column":14}},"20":{"start":{"line":32,"column":52},"end":{"line":32,"column":76}},"21":{"start":{"line":33,"column":32},"end":{"line":33,"column":56}},"22":{"start":{"line":37,"column":2},"end":{"line":37,"column":28}}},"fnMap":{"0":{"name":"(anonymous_0)","decl":{"start":{"line":4,"column":21},"end":{"line":4,"column":22}},"loc":{"start":{"line":4,"column":33},"end":{"line":38,"column":1}},"line":4},"1":{"name":"(anonymous_1)","decl":{"start":{"line":11,"column":12},"end":{"line":11,"column":13}},"loc":{"start":{"line":11,"column":37},"end":{"line":23,"column":5}},"line":11},"2":{"name":"(anonymous_2)","decl":{"start":{"line":25,"column":32},"end":{"line":25,"column":33}},"loc":{"start":{"line":25,"column":57},"end":{"line":31,"column":5}},"line":25},"3":{"name":"(anonymous_3)","decl":{"start":{"line":32,"column":10},"end":{"line":32,"column":11}},"loc":{"start":{"line":32,"column":52},"end":{"line":32,"column":76}},"line":32},"4":{"name":"(anonymous_4)","decl":{"start":{"line":33,"column":9},"end":{"line":33,"column":10}},"loc":{"start":{"line":33,"column":32},"end":{"line":33,"column":56}},"line":33}},"branchMap":{"0":{"loc":{"start":{"line":12,"column":6},"end":{"line":15,"column":7}},"type":"if","locations":[{"start":{"line":12,"column":6},"end":{"line":15,"column":7}},{"start":{},"end":{}}],"line":12},"1":{"loc":{"start":{"line":12,"column":10},"end":{"line":12,"column":47}},"type":"binary-expr","locations":[{"start":{"line":12,"column":10},"end":{"line":12,"column":22}},{"start":{"line":12,"column":26},"end":{"line":12,"column":47}}],"line":12},"2":{"loc":{"start":{"line":16,"column":6},"end":{"line":20,"column":7}},"type":"if","locations":[{"start":{"line":16,"column":6},"end":{"line":20,"column":7}},{"start":{},"end":{}}],"line":16},"3":{"loc":{"start":{"line":26,"column":4},"end":{"line":29,"column":5}},"type":"if","locations":[{"start":{"line":26,"column":4},"end":{"line":29,"column":5}},{"start":{},"end":{}}],"line":26},"4":{"loc":{"start":{"line":26,"column":8},"end":{"line":26,"column":45}},"type":"binary-expr","locations":[{"start":{"line":26,"column":8},"end":{"line":26,"column":20}},{"start":{"line":26,"column":24},"end":{"line":26,"column":45}}],"line":26}},"s":{"0":1,"1":3,"2":3,"3":3,"4":3,"5":3,"6":8,"7":6,"8":6,"9":2,"10":1,"11":1,"12":1,"13":1,"14":1,"15":3,"16":7,"17":5,"18":5,"19":2,"20":22,"21":14,"22":3},"f":{"0":3,"1":8,"2":7,"3":22,"4":14},"b":{"0":[6,2],"1":[8,6],"2":[1,1],"3":[5,2],"4":[7,5]},"inputSourceMap":null,"_coverageSchema":"1a1c01bbd47fc00a2c39e90264f33305004495a9","hash":"44723c7c0963d96a5b8f8e3f5bf010dfa7699508"}
,"Z:\\FrontEnd\\Projects\\frontend-project-46\\bin\\parsing.js": {"path":"Z:\\FrontEnd\\Projects\\frontend-project-46\\bin\\parsing.js","statementMap":{"0":{"start":{"line":4,"column":15},"end":{"line":4,"column":47}},"1":{"start":{"line":4,"column":22},"end":{"line":4,"column":47}},"2":{"start":{"line":6,"column":16},"end":{"line":14,"column":1}},"3":{"start":{"line":7,"column":14},"end":{"line":7,"column":25}},"4":{"start":{"line":8,"column":15},"end":{"line":8,"column":41}},"5":{"start":{"line":9,"column":2},"end":{"line":9,"column":28}},"6":{"start":{"line":11,"column":2},"end":{"line":11,"column":48}},"7":{"start":{"line":11,"column":22},"end":{"line":11,"column":48}},"8":{"start":{"line":13,"column":2},"end":{"line":13,"column":16}}},"fnMap":{"0":{"name":"(anonymous_0)","decl":{"start":{"line":4,"column":15},"end":{"line":4,"column":16}},"loc":{"start":{"line":4,"column":22},"end":{"line":4,"column":47}},"line":4},"1":{"name":"(anonymous_1)","decl":{"start":{"line":6,"column":16},"end":{"line":6,"column":17}},"loc":{"start":{"line":6,"column":25},"end":{"line":14,"column":1}},"line":6}},"branchMap":{"0":{"loc":{"start":{"line":11,"column":2},"end":{"line":11,"column":48}},"type":"if","locations":[{"start":{"line":11,"column":2},"end":{"line":11,"column":48}},{"start":{},"end":{}}],"line":11}},"s":{"0":1,"1":6,"2":1,"3":6,"4":6,"5":6,"6":6,"7":6,"8":6},"f":{"0":6,"1":6},"b":{"0":[6,0]},"inputSourceMap":null,"_coverageSchema":"1a1c01bbd47fc00a2c39e90264f33305004495a9","hash":"4274db849944d33738893cc7cd2de94b605c21ac"}
}
