TN:
SF:bin\compare.js
FN:4,(anonymous_0)
FN:11,(anonymous_1)
FN:25,(anonymous_2)
FN:32,(anonymous_3)
FN:33,(anonymous_4)
FNF:5
FNH:5
FNDA:3,(anonymous_0)
FNDA:8,(anonymous_1)
FNDA:7,(anonymous_2)
FNDA:22,(anonymous_3)
FNDA:14,(anonymous_4)
DA:4,1
DA:5,3
DA:6,3
DA:7,3
DA:8,3
DA:10,3
DA:12,8
DA:13,6
DA:14,6
DA:16,2
DA:17,1
DA:18,1
DA:19,1
DA:21,1
DA:22,1
DA:25,3
DA:26,7
DA:27,5
DA:28,5
DA:30,2
DA:32,22
DA:33,14
DA:37,3
LF:23
LH:23
BRDA:12,0,0,6
BRDA:12,0,1,2
BRDA:12,1,0,8
BRDA:12,1,1,6
BRDA:16,2,0,1
BRDA:16,2,1,1
BRDA:26,3,0,5
BRDA:26,3,1,2
BRDA:26,4,0,7
BRDA:26,4,1,5
BRF:10
BRH:10
end_of_record
TN:
SF:bin\parsing.js
FN:4,(anonymous_0)
FN:6,(anonymous_1)
FNF:2
FNH:2
FNDA:6,(anonymous_0)
FNDA:6,(anonymous_1)
DA:4,6
DA:6,1
DA:7,6
DA:8,6
DA:9,6
DA:11,6
DA:13,6
LF:7
LH:7
BRDA:11,0,0,6
BRDA:11,0,1,0
BRF:2
BRH:1
end_of_record
